<?xml version="1.0" encoding="UTF-8"?>
<!-- Generated by org.testng.reporters.JUnitXMLReporter -->
<testsuite hostname="AIPL-SEZ-LT-158" name="Smoke" tests="4" failures="0" timestamp="16 Sep 2019 16:16:23 GMT" time="0.037" errors="0">
  <testcase name="firstmethod" time="0.004" classname="testpackage.Class1"/>
  <testcase name="secondmethod" time="0.001" classname="testpackage.Class1"/>
  <testcase name="firstmethod" time="0.001" classname="testpackage.Class2"/>
  <testcase name="secondmethod" time="0.001" classname="testpackage.Class2"/>
</testsuite> <!-- Smoke -->
