<?xml version="1.0" encoding="UTF-8"?>
<!-- Generated by org.testng.reporters.JUnitXMLReporter -->
<testsuite hostname="AIPL-SEZ-LT-158" name="Default test" tests="3" failures="0" timestamp="22 Sep 2019 16:07:24 GMT" time="0.032" errors="0">
  <testcase name="dataprocessing" time="0.008" classname="testpackage.Class3"/>
  <testcase name="dataprocessing" time="0.001" classname="testpackage.Class3"/>
  <testcase name="dataprocessing" time="0.0" classname="testpackage.Class3"/>
</testsuite> <!-- Default test -->
