<?xml version="1.0" encoding="UTF-8"?>
<testng-results skipped="0" failed="0" ignored="0" total="5" passed="5">
  <reporter-output>
  </reporter-output>
  <suite name="Command line suite" duration-ms="68" started-at="2019-10-22T11:22:54Z" finished-at="2019-10-22T11:22:54Z">
    <groups>
    </groups>
    <test name="Command line test" duration-ms="68" started-at="2019-10-22T11:22:54Z" finished-at="2019-10-22T11:22:54Z">
      <class name="qaclickacademy.RESTAPITest">
        <test-method status="PASS" signature="deleteTwitter()[pri:0, instance:qaclickacademy.RESTAPITest@6b2fad11]" name="deleteTwitter" duration-ms="1" started-at="2019-10-22T16:52:54Z" finished-at="2019-10-22T16:52:54Z">
          <reporter-output>
          </reporter-output>
        </test-method> <!-- deleteTwitter -->
        <test-method status="PASS" signature="postJira()[pri:0, instance:qaclickacademy.RESTAPITest@6b2fad11]" name="postJira" duration-ms="0" started-at="2019-10-22T16:52:54Z" finished-at="2019-10-22T16:52:54Z">
          <reporter-output>
          </reporter-output>
        </test-method> <!-- postJira -->
      </class> <!-- qaclickacademy.RESTAPITest -->
      <class name="qaclickacademy.SeleniumTest">
        <test-method status="PASS" signature="BrowserAUtomation()[pri:0, instance:qaclickacademy.SeleniumTest@79698539]" name="BrowserAUtomation" duration-ms="1" started-at="2019-10-22T16:52:54Z" finished-at="2019-10-22T16:52:54Z">
          <reporter-output>
          </reporter-output>
        </test-method> <!-- BrowserAUtomation -->
        <test-method status="PASS" signature="elementsUi()[pri:0, instance:qaclickacademy.SeleniumTest@79698539]" name="elementsUi" duration-ms="0" started-at="2019-10-22T16:52:54Z" finished-at="2019-10-22T16:52:54Z">
          <reporter-output>
          </reporter-output>
        </test-method> <!-- elementsUi -->
      </class> <!-- qaclickacademy.SeleniumTest -->
      <class name="qaclickacademy.AppiumTestTest">
        <test-method status="PASS" signature="f()[pri:0, instance:qaclickacademy.AppiumTestTest@7a5d012c]" name="f" duration-ms="8" started-at="2019-10-22T16:52:54Z" finished-at="2019-10-22T16:52:54Z">
          <reporter-output>
          </reporter-output>
        </test-method> <!-- f -->
      </class> <!-- qaclickacademy.AppiumTestTest -->
    </test> <!-- Command line test -->
  </suite> <!-- Command line suite -->
</testng-results>
