<?xml version="1.0" encoding="UTF-8"?>
<!-- Generated by org.testng.reporters.JUnitXMLReporter -->
<testsuite hostname="AIPL-SEZ-LT-158" name="Test" tests="4" failures="0" timestamp="15 Sep 2019 18:48:39 GMT" time="0.048" errors="0">
  <testcase name="firstmethod" time="0.007" classname="testpackage.Class1"/>
  <testcase name="secondmethod" time="0.003" classname="testpackage.Class1"/>
  <testcase name="firstmethod" time="0.003" classname="testpackage.Class2"/>
  <testcase name="secondmethod" time="0.004" classname="testpackage.Class2"/>
</testsuite> <!-- Test -->
