<?xml version="1.0" encoding="UTF-8"?>
<testng-results skipped="0" failed="0" ignored="0" total="1" passed="1">
  <reporter-output>
  </reporter-output>
  <suite name="Default suite" duration-ms="8217" started-at="2019-11-20T12:50:37 IST" finished-at="2019-11-20T12:50:46 IST">
    <groups>
    </groups>
    <test name="Default test" duration-ms="8217" started-at="2019-11-20T12:50:37 IST" finished-at="2019-11-20T12:50:46 IST">
      <class name="linkedIn.linkedIn">
        <test-method status="PASS" signature="driverinit()[pri:0, instance:linkedIn.linkedIn@7d907bac]" name="driverinit" is-config="true" duration-ms="3053" started-at="2019-11-20T12:50:37 IST" finished-at="2019-11-20T12:50:40 IST">
          <reporter-output>
          </reporter-output>
        </test-method> <!-- driverinit -->
        <test-method status="PASS" signature="login()[pri:0, instance:linkedIn.linkedIn@7d907bac]" name="login" duration-ms="4405" started-at="2019-11-20T12:50:40 IST" finished-at="2019-11-20T12:50:45 IST">
          <reporter-output>
          </reporter-output>
        </test-method> <!-- login -->
        <test-method status="PASS" signature="teardown()[pri:0, instance:linkedIn.linkedIn@7d907bac]" name="teardown" is-config="true" duration-ms="719" started-at="2019-11-20T12:50:45 IST" finished-at="2019-11-20T12:50:46 IST">
          <reporter-output>
          </reporter-output>
        </test-method> <!-- teardown -->
      </class> <!-- linkedIn.linkedIn -->
    </test> <!-- Default test -->
  </suite> <!-- Default suite -->
</testng-results>
